DEBUG    [2017-09-14 22:03:11,878] Aligning image...
DEBUG    [2017-09-14 22:03:16,636] Aligning image...
INFO     [2017-09-14 22:05:20,399] Aligning image...
INFO     [2017-09-14 22:05:24,611] Finding centers
INFO     [2017-09-14 22:05:25,342] Aligning image...
INFO     [2017-09-14 22:05:28,975] Finding centers
INFO     [2017-09-14 22:06:33,840] Aligning image...
INFO     [2017-09-14 22:07:15,178] Aligning image...
INFO     [2017-09-14 22:11:05,687] Aligning image...
INFO     [2017-09-14 22:11:07,905] Best angle = -0.185185185185 Penalty= 7.79401994813e+23
INFO     [2017-09-14 22:11:48,499] Aligning image...
INFO     [2017-09-14 22:11:50,787] Best angle = -0.185185185185 Penalty= 7.79401994813e+23
INFO     [2017-09-14 22:11:52,460] Finding centers
INFO     [2017-09-14 22:11:53,170] Aligning image...
INFO     [2017-09-14 22:11:55,022] Best angle = -0.185185185185 Penalty= 7.28375053066e+23
INFO     [2017-09-14 22:11:56,673] Finding centers
INFO     [2017-09-14 22:12:22,577] Aligning image...
INFO     [2017-09-14 22:12:25,053] Best angle = -0.185185185185 Penalty= 7.79401994813e+23
INFO     [2017-09-14 22:12:26,750] Finding centers
INFO     [2017-09-14 22:12:27,470] Aligning image...
INFO     [2017-09-14 22:12:29,369] Best angle = -0.185185185185 Penalty= 7.28375053066e+23
INFO     [2017-09-14 22:12:31,545] Finding centers
INFO     [2017-09-14 22:12:32,548] Done in 10.195554494857788
